<?xml version="1.0" encoding="UTF-8"?>
<!-- Generated by org.testng.reporters.JUnitReportReporter -->
<testsuite hostname="EamonAN" failures="0" tests="1" name="com.worksafe.onlineinvoice.tests.GoogleSearchTest" time="3.876" errors="0" timestamp="2025-06-09T00:37:57 AEST" skipped="0">
  <testcase classname="com.worksafe.onlineinvoice.tests.GoogleSearchTest" name="testGoogleSearch" time="3.876"/>
  <system-out/>
</testsuite> <!-- com.worksafe.onlineinvoice.tests.GoogleSearchTest -->
