<?xml version="1.0" encoding="UTF-8"?>
<!-- Generated by org.testng.reporters.JUnitReportReporter -->
<testsuite hostname="EamonAN" failures="0" tests="1" name="com.worksafe.onlineinvoice.tests.XMLDataTest" time="0.174" errors="0" timestamp="2025-06-08T00:41:21 AEST" skipped="0">
  <testcase classname="com.worksafe.onlineinvoice.tests.XMLDataTest" name="testXMLData" time="0.174"/>
  <system-out/>
</testsuite> <!-- com.worksafe.onlineinvoice.tests.XMLDataTest -->
