<?xml version="1.0" encoding="UTF-8"?>
<!-- Generated by org.testng.reporters.JUnitReportReporter -->
<testsuite hostname="EamonAN" failures="0" tests="1" name="com.ei.wdseljava.onlineinvoice.tests.MyFirstTest" time="5.934" errors="0" timestamp="2025-06-13T15:52:14 AEST" skipped="0">
  <testcase classname="com.ei.wdseljava.onlineinvoice.tests.MyFirstTest" name="testLogin" time="5.934"/>
  <system-out/>
</testsuite> <!-- com.ei.wdseljava.onlineinvoice.tests.MyFirstTest -->
