<?xml version="1.0" encoding="UTF-8"?>
<!-- Generated by org.testng.reporters.JUnitReportReporter -->
<testsuite hostname="EamonAN" failures="0" tests="3" name="com.worksafe.onlineinvoice.tests.OracleDataTest" time="0.305" errors="0" timestamp="2025-06-12T22:51:11 AEST" skipped="2">
  <testcase classname="com.worksafe.onlineinvoice.tests.OracleDataTest" name="testDatabaseData" time="0.305"/>
  <system-out/>
  <testcase classname="com.worksafe.onlineinvoice.tests.OracleDataTest" name="testTempusData">
    <skipped/>
  </testcase> <!-- testTempusData -->
  <system-out/>
  <testcase classname="com.worksafe.onlineinvoice.tests.OracleDataTest" name="testDatabaseData">
    <skipped/>
  </testcase> <!-- testDatabaseData -->
  <system-out/>
</testsuite> <!-- com.worksafe.onlineinvoice.tests.OracleDataTest -->
