<?xml version="1.0" encoding="UTF-8"?>
<!-- Generated by org.testng.reporters.JUnitReportReporter -->
<testsuite hostname="EamonAN" failures="0" tests="2" name="com.ei.wdseljava.onlineinvoice.tests.MyFirstTest" time="62.388" errors="0" timestamp="2025-06-27T12:53:54 AEST" skipped="0">
  <testcase classname="com.ei.wdseljava.onlineinvoice.tests.MyFirstTest" name="invoiceEntryTest" time="42.042"/>
  <system-out/>
  <testcase classname="com.ei.wdseljava.onlineinvoice.tests.MyFirstTest" name="quoteInvoiceSubmitTest" time="20.346"/>
  <system-out/>
</testsuite> <!-- com.ei.wdseljava.onlineinvoice.tests.MyFirstTest -->
