<?xml version="1.0" encoding="UTF-8"?>
<!-- Generated by org.testng.reporters.JUnitReportReporter -->
<testsuite hostname="EamonAN" failures="0" tests="1" name="com.worksafe.onlineinvoice.tests.MyFirstTest" time="2.471" errors="0" timestamp="2025-06-12T23:20:59 AEST" skipped="0">
  <testcase classname="com.worksafe.onlineinvoice.tests.MyFirstTest" name="testLogin" time="2.471"/>
  <system-out/>
</testsuite> <!-- com.worksafe.onlineinvoice.tests.MyFirstTest -->
