<?xml version="1.0" encoding="UTF-8"?>
<testdata>
    <field1>expected_value_1</field1>
    <field2>expected_value_2</field2>
</testdata>